
  .   ____          _            __ _ _
 /\\ / ___'_ __ _ _(_)_ __  __ _ \ \ \ \
( ( )\___ | '_ | '_| | '_ \/ _` | \ \ \ \
 \\/  ___)| |_)| | | | | || (_| |  ) ) ) )
  '  |____| .__|_| |_|_| |_\__, | / / / /
 =========|_|==============|___/=/_/_/_/
[32m :: Spring Boot :: [39m              [2m (v3.2.3)[0;39m

[2m2025-05-27T18:41:01.563+06:00[0;39m [32m INFO[0;39m [35m24730[0;39m [2m---[0;39m [2m[worksync-backend] [           main][0;39m [2m[0;39m[36mcom.worksync.ai.WorkSyncApplication     [0;39m [2m:[0;39m Starting WorkSyncApplication using Java 23.0.2 with PID 24730 (/Users/rashidabrar/workSync/worksync-backend/target/classes started by rashidabrar in /Users/rashidabrar/workSync/worksync-backend)
[2m2025-05-27T18:41:01.563+06:00[0;39m [32mDEBUG[0;39m [35m24730[0;39m [2m---[0;39m [2m[worksync-backend] [           main][0;39m [2m[0;39m[36mcom.worksync.ai.WorkSyncApplication     [0;39m [2m:[0;39m Running with Spring Boot v3.2.3, Spring v6.1.4
[2m2025-05-27T18:41:01.563+06:00[0;39m [32m INFO[0;39m [35m24730[0;39m [2m---[0;39m [2m[worksync-backend] [           main][0;39m [2m[0;39m[36mcom.worksync.ai.WorkSyncApplication     [0;39m [2m:[0;39m No active profile set, falling back to 1 default profile: "default"
[2m2025-05-27T18:41:02.170+06:00[0;39m [32m INFO[0;39m [35m24730[0;39m [2m---[0;39m [2m[worksync-backend] [           main][0;39m [2m[0;39m[36m.s.d.r.c.RepositoryConfigurationDelegate[0;39m [2m:[0;39m Bootstrapping Spring Data Elasticsearch repositories in DEFAULT mode.
[2m2025-05-27T18:41:02.240+06:00[0;39m [32m INFO[0;39m [35m24730[0;39m [2m---[0;39m [2m[worksync-backend] [           main][0;39m [2m[0;39m[36m.s.d.r.c.RepositoryConfigurationDelegate[0;39m [2m:[0;39m Finished Spring Data repository scanning in 67 ms. Found 6 Elasticsearch repository interfaces.
[2m2025-05-27T18:41:02.243+06:00[0;39m [32m INFO[0;39m [35m24730[0;39m [2m---[0;39m [2m[worksync-backend] [           main][0;39m [2m[0;39m[36m.s.d.r.c.RepositoryConfigurationDelegate[0;39m [2m:[0;39m Bootstrapping Spring Data Reactive Elasticsearch repositories in DEFAULT mode.
[2m2025-05-27T18:41:02.245+06:00[0;39m [32m INFO[0;39m [35m24730[0;39m [2m---[0;39m [2m[worksync-backend] [           main][0;39m [2m[0;39m[36m.s.d.r.c.RepositoryConfigurationDelegate[0;39m [2m:[0;39m Finished Spring Data repository scanning in 2 ms. Found 0 Reactive Elasticsearch repository interfaces.
[2m2025-05-27T18:41:02.278+06:00[0;39m [32m INFO[0;39m [35m24730[0;39m [2m---[0;39m [2m[worksync-backend] [           main][0;39m [2m[0;39m[36mfaultConfiguringBeanFactoryPostProcessor[0;39m [2m:[0;39m No bean named 'errorChannel' has been explicitly defined. Therefore, a default PublishSubscribeChannel will be created.
[2m2025-05-27T18:41:02.282+06:00[0;39m [32m INFO[0;39m [35m24730[0;39m [2m---[0;39m [2m[worksync-backend] [           main][0;39m [2m[0;39m[36mfaultConfiguringBeanFactoryPostProcessor[0;39m [2m:[0;39m No bean named 'integrationHeaderChannelRegistry' has been explicitly defined. Therefore, a default DefaultHeaderChannelRegistry will be created.
[2m2025-05-27T18:41:02.611+06:00[0;39m [32m INFO[0;39m [35m24730[0;39m [2m---[0;39m [2m[worksync-backend] [           main][0;39m [2m[0;39m[36mo.s.b.w.embedded.tomcat.TomcatWebServer [0;39m [2m:[0;39m Tomcat initialized with port 9091 (http)
[2m2025-05-27T18:41:02.616+06:00[0;39m [32m INFO[0;39m [35m24730[0;39m [2m---[0;39m [2m[worksync-backend] [           main][0;39m [2m[0;39m[36mo.apache.catalina.core.StandardService  [0;39m [2m:[0;39m Starting service [Tomcat]
[2m2025-05-27T18:41:02.616+06:00[0;39m [32m INFO[0;39m [35m24730[0;39m [2m---[0;39m [2m[worksync-backend] [           main][0;39m [2m[0;39m[36mo.apache.catalina.core.StandardEngine   [0;39m [2m:[0;39m Starting Servlet engine: [Apache Tomcat/10.1.19]
[2m2025-05-27T18:41:02.634+06:00[0;39m [32m INFO[0;39m [35m24730[0;39m [2m---[0;39m [2m[worksync-backend] [           main][0;39m [2m[0;39m[36mo.a.c.c.C.[Tomcat].[localhost].[/]      [0;39m [2m:[0;39m Initializing Spring embedded WebApplicationContext
[2m2025-05-27T18:41:02.635+06:00[0;39m [32m INFO[0;39m [35m24730[0;39m [2m---[0;39m [2m[worksync-backend] [           main][0;39m [2m[0;39m[36mw.s.c.ServletWebServerApplicationContext[0;39m [2m:[0;39m Root WebApplicationContext: initialization completed in 977 ms
[2m2025-05-27T18:41:02.971+06:00[0;39m [32mDEBUG[0;39m [35m24730[0;39m [2m---[0;39m [2m[worksync-backend] [           main][0;39m [2m[0;39m[36morg.elasticsearch.client.RestClient     [0;39m [2m:[0;39m request [HEAD http://localhost:9200/worksync-events] returned [HTTP/1.1 200 OK]
[2m2025-05-27T18:41:03.049+06:00[0;39m [32mDEBUG[0;39m [35m24730[0;39m [2m---[0;39m [2m[worksync-backend] [           main][0;39m [2m[0;39m[36morg.elasticsearch.client.RestClient     [0;39m [2m:[0;39m request [PUT http://localhost:9200/worksync-events/_mapping] returned [HTTP/1.1 200 OK]
[2m2025-05-27T18:41:03.095+06:00[0;39m [32mDEBUG[0;39m [35m24730[0;39m [2m---[0;39m [2m[worksync-backend] [           main][0;39m [2m[0;39m[36morg.elasticsearch.client.RestClient     [0;39m [2m:[0;39m request [HEAD http://localhost:9200/worksync-events] returned [HTTP/1.1 200 OK]
[2m2025-05-27T18:41:03.120+06:00[0;39m [32mDEBUG[0;39m [35m24730[0;39m [2m---[0;39m [2m[worksync-backend] [           main][0;39m [2m[0;39m[36morg.elasticsearch.client.RestClient     [0;39m [2m:[0;39m request [HEAD http://localhost:9200/worksync-events] returned [HTTP/1.1 200 OK]
[2m2025-05-27T18:41:03.130+06:00[0;39m [32mDEBUG[0;39m [35m24730[0;39m [2m---[0;39m [2m[worksync-backend] [           main][0;39m [2m[0;39m[36morg.elasticsearch.client.RestClient     [0;39m [2m:[0;39m request [HEAD http://localhost:9200/worksync-events] returned [HTTP/1.1 200 OK]
[2m2025-05-27T18:41:03.155+06:00[0;39m [32mDEBUG[0;39m [35m24730[0;39m [2m---[0;39m [2m[worksync-backend] [           main][0;39m [2m[0;39m[36morg.elasticsearch.client.RestClient     [0;39m [2m:[0;39m request [HEAD http://localhost:9200/worksync-summary-vectors] returned [HTTP/1.1 200 OK]
[2m2025-05-27T18:41:03.167+06:00[0;39m [32mDEBUG[0;39m [35m24730[0;39m [2m---[0;39m [2m[worksync-backend] [           main][0;39m [2m[0;39m[36morg.elasticsearch.client.RestClient     [0;39m [2m:[0;39m request [HEAD http://localhost:9200/event-aggregations] returned [HTTP/1.1 200 OK]
[2m2025-05-27T18:41:03.194+06:00[0;39m [32mDEBUG[0;39m [35m24730[0;39m [2m---[0;39m [2m[worksync-backend] [           main][0;39m [2m[0;39m[36morg.elasticsearch.client.RestClient     [0;39m [2m:[0;39m request [HEAD http://localhost:9200/worksync-summaries] returned [HTTP/1.1 200 OK]
[2m2025-05-27T18:41:03.641+06:00[0;39m [33m WARN[0;39m [35m24730[0;39m [2m---[0;39m [2m[worksync-backend] [           main][0;39m [2m[0;39m[36monConfiguration$FunctionBindingRegistrar[0;39m [2m:[0;39m You have defined function definition that does not exist: vectorStore
[2m2025-05-27T18:41:03.650+06:00[0;39m [33m WARN[0;39m [35m24730[0;39m [2m---[0;39m [2m[worksync-backend] [           main][0;39m [2m[0;39m[36monConfiguration$FunctionBindingRegistrar[0;39m [2m:[0;39m The function definition 'registeredAppUsageConsumer;registeredAlertConsumer;registeredSecurityConsumer;vectorStore' is not valid. The referenced function bean or one of its components does not exist
[2m2025-05-27T18:41:03.686+06:00[0;39m [32m INFO[0;39m [35m24730[0;39m [2m---[0;39m [2m[worksync-backend] [           main][0;39m [2m[0;39m[36mo.s.c.s.m.DirectWithAttributesChannel   [0;39m [2m:[0;39m Channel 'worksync-backend.registeredAppUsageConsumer-in-0' has 1 subscriber(s).
[2m2025-05-27T18:41:03.687+06:00[0;39m [32m INFO[0;39m [35m24730[0;39m [2m---[0;39m [2m[worksync-backend] [           main][0;39m [2m[0;39m[36mo.s.c.s.m.DirectWithAttributesChannel   [0;39m [2m:[0;39m Channel 'worksync-backend.registeredAlertConsumer-in-0' has 1 subscriber(s).
[2m2025-05-27T18:41:03.690+06:00[0;39m [32m INFO[0;39m [35m24730[0;39m [2m---[0;39m [2m[worksync-backend] [           main][0;39m [2m[0;39m[36mo.s.c.s.m.DirectWithAttributesChannel   [0;39m [2m:[0;39m Channel 'worksync-backend.registeredSecurityConsumer-in-0' has 1 subscriber(s).
[2m2025-05-27T18:41:03.805+06:00[0;39m [32m INFO[0;39m [35m24730[0;39m [2m---[0;39m [2m[worksync-backend] [           main][0;39m [2m[0;39m[36mo.s.c.f.web.mvc.FunctionHandlerMapping  [0;39m [2m:[0;39m FunctionCatalog: org.springframework.cloud.function.context.catalog.BeanFactoryAwareFunctionRegistry@f4b2d13
[2m2025-05-27T18:41:03.817+06:00[0;39m [32m INFO[0;39m [35m24730[0;39m [2m---[0;39m [2m[worksync-backend] [           main][0;39m [2m[0;39m[36mo.s.b.a.e.web.EndpointLinksResolver     [0;39m [2m:[0;39m Exposing 3 endpoint(s) beneath base path '/actuator'
[2m2025-05-27T18:41:03.877+06:00[0;39m [32m INFO[0;39m [35m24730[0;39m [2m---[0;39m [2m[worksync-backend] [           main][0;39m [2m[0;39m[36mo.s.i.endpoint.EventDrivenConsumer      [0;39m [2m:[0;39m Adding {logging-channel-adapter:_org.springframework.integration.errorLogger} as a subscriber to the 'errorChannel' channel
[2m2025-05-27T18:41:03.877+06:00[0;39m [32m INFO[0;39m [35m24730[0;39m [2m---[0;39m [2m[worksync-backend] [           main][0;39m [2m[0;39m[36mo.s.i.channel.PublishSubscribeChannel   [0;39m [2m:[0;39m Channel 'worksync-backend.errorChannel' has 1 subscriber(s).
[2m2025-05-27T18:41:03.877+06:00[0;39m [32m INFO[0;39m [35m24730[0;39m [2m---[0;39m [2m[worksync-backend] [           main][0;39m [2m[0;39m[36mo.s.i.endpoint.EventDrivenConsumer      [0;39m [2m:[0;39m started bean '_org.springframework.integration.errorLogger'
[2m2025-05-27T18:41:03.880+06:00[0;39m [32m INFO[0;39m [35m24730[0;39m [2m---[0;39m [2m[worksync-backend] [           main][0;39m [2m[0;39m[36mo.s.i.endpoint.EventDrivenConsumer      [0;39m [2m:[0;39m Removing {logging-channel-adapter:_org.springframework.integration.errorLogger} as a subscriber to the 'errorChannel' channel
[2m2025-05-27T18:41:03.880+06:00[0;39m [32m INFO[0;39m [35m24730[0;39m [2m---[0;39m [2m[worksync-backend] [           main][0;39m [2m[0;39m[36mo.s.i.channel.PublishSubscribeChannel   [0;39m [2m:[0;39m Channel 'worksync-backend.errorChannel' has 0 subscriber(s).
[2m2025-05-27T18:41:03.880+06:00[0;39m [32m INFO[0;39m [35m24730[0;39m [2m---[0;39m [2m[worksync-backend] [           main][0;39m [2m[0;39m[36mo.s.i.endpoint.EventDrivenConsumer      [0;39m [2m:[0;39m stopped bean '_org.springframework.integration.errorLogger'
[2m2025-05-27T18:41:03.880+06:00[0;39m [33m WARN[0;39m [35m24730[0;39m [2m---[0;39m [2m[worksync-backend] [           main][0;39m [2m[0;39m[36mConfigServletWebServerApplicationContext[0;39m [2m:[0;39m Exception encountered during context initialization - cancelling refresh attempt: org.springframework.context.ApplicationContextException: Failed to start bean 'webServerStartStop'
[2m2025-05-27T18:41:03.895+06:00[0;39m [32m INFO[0;39m [35m24730[0;39m [2m---[0;39m [2m[worksync-backend] [           main][0;39m [2m[0;39m[36m.s.b.a.l.ConditionEvaluationReportLogger[0;39m [2m:[0;39m 

Error starting ApplicationContext. To display the condition evaluation report re-run your application with 'debug' enabled.
[2m2025-05-27T18:41:03.901+06:00[0;39m [31mERROR[0;39m [35m24730[0;39m [2m---[0;39m [2m[worksync-backend] [           main][0;39m [2m[0;39m[36mo.s.b.d.LoggingFailureAnalysisReporter  [0;39m [2m:[0;39m 

***************************
APPLICATION FAILED TO START
***************************

Description:

Web server failed to start. Port 9091 was already in use.

Action:

Identify and stop the process that's listening on port 9091 or configure this application to listen on another port.

[ERROR] Failed to execute goal org.springframework.boot:spring-boot-maven-plugin:3.2.3:run (default-cli) on project worksync-backend: Process terminated with exit code: 1 -> [Help 1]
[ERROR] 
[ERROR] To see the full stack trace of the errors, re-run Maven with the -e switch.
[ERROR] Re-run Maven using the -X switch to enable full debug logging.
[ERROR] 
[ERROR] For more information about the errors and possible solutions, please read the following articles:
[ERROR] [Help 1] http://cwiki.apache.org/confluence/display/MAVEN/MojoExecutionException
